
*** Running vivado
    with args -log bd_minimal_wrapper.vds -m64 -product Vivado -mode batch -messageDb vivado.pb -notrace -source bd_minimal_wrapper.tcl



****** Vivado v2022.2 (64-bit)
  **** SW Build 3671981 on Fri Oct 14 05:00:03 MDT 2022
  **** IP Build 3669848 on Fri Oct 14 08:30:02 MDT 2022
    ** Copyright 1986-2022 Xilinx, Inc. All Rights Reserved.

source bd_minimal_wrapper.tcl -notrace
INFO: [IP_Flow 19-234] Refreshing IP repositories
INFO: [IP_Flow 19-1700] Loaded user IP repository 'c:/Users/Randy/Desktop/repos/FPGA-Ray_2/project_1/ip_pkg_src/my_axi_slave'.
INFO: [IP_Flow 19-2313] Loaded Vivado IP repository 'C:/Xilinx/Vivado/2022.2/data/ip'.
Command: read_checkpoint -auto_incremental -incremental C:/Users/Randy/Desktop/repos/FPGA-Ray_2/project_1/project_1.srcs/utils_1/imports/synth_1/bd_minimal_wrapper.dcp
INFO: [Vivado 12-5825] Read reference checkpoint from C:/Users/Randy/Desktop/repos/FPGA-Ray_2/project_1/project_1.srcs/utils_1/imports/synth_1/bd_minimal_wrapper.dcp for incremental synthesis
INFO: [Vivado 12-7989] Please ensure there are no constraint changes
Command: synth_design -top bd_minimal_wrapper -part xczu4ev-sfvc784-1-e
Starting synth_design
Attempting to get a license for feature 'Synthesis' and/or device 'xczu4ev'
INFO: [Common 17-349] Got license for feature 'Synthesis' and/or device 'xczu4ev'
INFO: [Device 21-403] Loading part xczu4ev-sfvc784-1-e
INFO: [Designutils 20-5440] No compile time benefit to using incremental synthesis; A full resynthesis will be run
INFO: [Designutils 20-4379] Flow is switching to default flow due to incremental criteria not met. If you would like to alter this behaviour and have the flow terminate instead, please set the following parameter config_implementation {autoIncr.Synth.RejectBehavior Terminate}
INFO: [Synth 8-7079] Multithreading enabled for synth_design using a maximum of 2 processes.
INFO: [Synth 8-7078] Launching helper process for spawning children vivado processes
INFO: [Synth 8-7075] Helper process launched with PID 14816
INFO: [Synth 8-11241] undeclared symbol 'REGCCE', assumed default net type 'wire' [C:/Xilinx/Vivado/2022.2/data/verilog/src/unimacro/BRAM_SINGLE_MACRO.v:2170]
---------------------------------------------------------------------------------
Starting RTL Elaboration : Time (s): cpu = 00:00:03 ; elapsed = 00:00:03 . Memory (MB): peak = 1799.457 ; gain = 332.297
---------------------------------------------------------------------------------
INFO: [Synth 8-6157] synthesizing module 'bd_minimal_wrapper' [c:/Users/Randy/Desktop/repos/FPGA-Ray_2/project_1/project_1.gen/sources_1/bd/bd_minimal/hdl/bd_minimal_wrapper.v:12]
INFO: [Synth 8-6157] synthesizing module 'bd_minimal' [c:/Users/Randy/Desktop/repos/FPGA-Ray_2/project_1/project_1.gen/sources_1/bd/bd_minimal/synth/bd_minimal.v:12]
INFO: [Synth 8-6157] synthesizing module 'bd_minimal_my_axi_slave_0_0' [C:/Users/Randy/Desktop/repos/FPGA-Ray_2/project_1/project_1.runs/synth_1/.Xil/Vivado-8620-DESKTOP-VQ4ABFJ/realtime/bd_minimal_my_axi_slave_0_0_stub.v:5]
INFO: [Synth 8-6155] done synthesizing module 'bd_minimal_my_axi_slave_0_0' (0#1) [C:/Users/Randy/Desktop/repos/FPGA-Ray_2/project_1/project_1.runs/synth_1/.Xil/Vivado-8620-DESKTOP-VQ4ABFJ/realtime/bd_minimal_my_axi_slave_0_0_stub.v:5]
INFO: [Synth 8-6157] synthesizing module 'bd_minimal_proc_sys_reset_0_0' [C:/Users/Randy/Desktop/repos/FPGA-Ray_2/project_1/project_1.runs/synth_1/.Xil/Vivado-8620-DESKTOP-VQ4ABFJ/realtime/bd_minimal_proc_sys_reset_0_0_stub.v:5]
INFO: [Synth 8-6155] done synthesizing module 'bd_minimal_proc_sys_reset_0_0' (0#1) [C:/Users/Randy/Desktop/repos/FPGA-Ray_2/project_1/project_1.runs/synth_1/.Xil/Vivado-8620-DESKTOP-VQ4ABFJ/realtime/bd_minimal_proc_sys_reset_0_0_stub.v:5]
WARNING: [Synth 8-7071] port 'mb_reset' of module 'bd_minimal_proc_sys_reset_0_0' is unconnected for instance 'proc_sys_reset_0' [c:/Users/Randy/Desktop/repos/FPGA-Ray_2/project_1/project_1.gen/sources_1/bd/bd_minimal/synth/bd_minimal.v:101]
WARNING: [Synth 8-7071] port 'bus_struct_reset' of module 'bd_minimal_proc_sys_reset_0_0' is unconnected for instance 'proc_sys_reset_0' [c:/Users/Randy/Desktop/repos/FPGA-Ray_2/project_1/project_1.gen/sources_1/bd/bd_minimal/synth/bd_minimal.v:101]
WARNING: [Synth 8-7071] port 'interconnect_aresetn' of module 'bd_minimal_proc_sys_reset_0_0' is unconnected for instance 'proc_sys_reset_0' [c:/Users/Randy/Desktop/repos/FPGA-Ray_2/project_1/project_1.gen/sources_1/bd/bd_minimal/synth/bd_minimal.v:101]
WARNING: [Synth 8-7071] port 'peripheral_aresetn' of module 'bd_minimal_proc_sys_reset_0_0' is unconnected for instance 'proc_sys_reset_0' [c:/Users/Randy/Desktop/repos/FPGA-Ray_2/project_1/project_1.gen/sources_1/bd/bd_minimal/synth/bd_minimal.v:101]
WARNING: [Synth 8-7023] instance 'proc_sys_reset_0' of module 'bd_minimal_proc_sys_reset_0_0' has 10 connections declared, but only 6 given [c:/Users/Randy/Desktop/repos/FPGA-Ray_2/project_1/project_1.gen/sources_1/bd/bd_minimal/synth/bd_minimal.v:101]
INFO: [Synth 8-6157] synthesizing module 'bd_minimal_smartconnect_0_0' [C:/Users/Randy/Desktop/repos/FPGA-Ray_2/project_1/project_1.runs/synth_1/.Xil/Vivado-8620-DESKTOP-VQ4ABFJ/realtime/bd_minimal_smartconnect_0_0_stub.v:5]
INFO: [Synth 8-6155] done synthesizing module 'bd_minimal_smartconnect_0_0' (0#1) [C:/Users/Randy/Desktop/repos/FPGA-Ray_2/project_1/project_1.runs/synth_1/.Xil/Vivado-8620-DESKTOP-VQ4ABFJ/realtime/bd_minimal_smartconnect_0_0_stub.v:5]
WARNING: [Synth 8-7071] port 'S01_AXI_awready' of module 'bd_minimal_smartconnect_0_0' is unconnected for instance 'smartconnect_0' [c:/Users/Randy/Desktop/repos/FPGA-Ray_2/project_1/project_1.gen/sources_1/bd/bd_minimal/synth/bd_minimal.v:108]
WARNING: [Synth 8-7071] port 'S01_AXI_wready' of module 'bd_minimal_smartconnect_0_0' is unconnected for instance 'smartconnect_0' [c:/Users/Randy/Desktop/repos/FPGA-Ray_2/project_1/project_1.gen/sources_1/bd/bd_minimal/synth/bd_minimal.v:108]
WARNING: [Synth 8-7071] port 'S01_AXI_bid' of module 'bd_minimal_smartconnect_0_0' is unconnected for instance 'smartconnect_0' [c:/Users/Randy/Desktop/repos/FPGA-Ray_2/project_1/project_1.gen/sources_1/bd/bd_minimal/synth/bd_minimal.v:108]
WARNING: [Synth 8-7071] port 'S01_AXI_bresp' of module 'bd_minimal_smartconnect_0_0' is unconnected for instance 'smartconnect_0' [c:/Users/Randy/Desktop/repos/FPGA-Ray_2/project_1/project_1.gen/sources_1/bd/bd_minimal/synth/bd_minimal.v:108]
WARNING: [Synth 8-7071] port 'S01_AXI_buser' of module 'bd_minimal_smartconnect_0_0' is unconnected for instance 'smartconnect_0' [c:/Users/Randy/Desktop/repos/FPGA-Ray_2/project_1/project_1.gen/sources_1/bd/bd_minimal/synth/bd_minimal.v:108]
WARNING: [Synth 8-7071] port 'S01_AXI_bvalid' of module 'bd_minimal_smartconnect_0_0' is unconnected for instance 'smartconnect_0' [c:/Users/Randy/Desktop/repos/FPGA-Ray_2/project_1/project_1.gen/sources_1/bd/bd_minimal/synth/bd_minimal.v:108]
WARNING: [Synth 8-7071] port 'S01_AXI_arready' of module 'bd_minimal_smartconnect_0_0' is unconnected for instance 'smartconnect_0' [c:/Users/Randy/Desktop/repos/FPGA-Ray_2/project_1/project_1.gen/sources_1/bd/bd_minimal/synth/bd_minimal.v:108]
WARNING: [Synth 8-7071] port 'S01_AXI_rid' of module 'bd_minimal_smartconnect_0_0' is unconnected for instance 'smartconnect_0' [c:/Users/Randy/Desktop/repos/FPGA-Ray_2/project_1/project_1.gen/sources_1/bd/bd_minimal/synth/bd_minimal.v:108]
WARNING: [Synth 8-7071] port 'S01_AXI_rdata' of module 'bd_minimal_smartconnect_0_0' is unconnected for instance 'smartconnect_0' [c:/Users/Randy/Desktop/repos/FPGA-Ray_2/project_1/project_1.gen/sources_1/bd/bd_minimal/synth/bd_minimal.v:108]
WARNING: [Synth 8-7071] port 'S01_AXI_rresp' of module 'bd_minimal_smartconnect_0_0' is unconnected for instance 'smartconnect_0' [c:/Users/Randy/Desktop/repos/FPGA-Ray_2/project_1/project_1.gen/sources_1/bd/bd_minimal/synth/bd_minimal.v:108]
WARNING: [Synth 8-7071] port 'S01_AXI_rlast' of module 'bd_minimal_smartconnect_0_0' is unconnected for instance 'smartconnect_0' [c:/Users/Randy/Desktop/repos/FPGA-Ray_2/project_1/project_1.gen/sources_1/bd/bd_minimal/synth/bd_minimal.v:108]
WARNING: [Synth 8-7071] port 'S01_AXI_ruser' of module 'bd_minimal_smartconnect_0_0' is unconnected for instance 'smartconnect_0' [c:/Users/Randy/Desktop/repos/FPGA-Ray_2/project_1/project_1.gen/sources_1/bd/bd_minimal/synth/bd_minimal.v:108]
WARNING: [Synth 8-7071] port 'S01_AXI_rvalid' of module 'bd_minimal_smartconnect_0_0' is unconnected for instance 'smartconnect_0' [c:/Users/Randy/Desktop/repos/FPGA-Ray_2/project_1/project_1.gen/sources_1/bd/bd_minimal/synth/bd_minimal.v:108]
WARNING: [Synth 8-7023] instance 'smartconnect_0' of module 'bd_minimal_smartconnect_0_0' has 105 connections declared, but only 92 given [c:/Users/Randy/Desktop/repos/FPGA-Ray_2/project_1/project_1.gen/sources_1/bd/bd_minimal/synth/bd_minimal.v:108]
INFO: [Synth 8-6157] synthesizing module 'bd_minimal_util_vector_logic_0_0' [C:/Users/Randy/Desktop/repos/FPGA-Ray_2/project_1/project_1.runs/synth_1/.Xil/Vivado-8620-DESKTOP-VQ4ABFJ/realtime/bd_minimal_util_vector_logic_0_0_stub.v:5]
INFO: [Synth 8-6155] done synthesizing module 'bd_minimal_util_vector_logic_0_0' (0#1) [C:/Users/Randy/Desktop/repos/FPGA-Ray_2/project_1/project_1.runs/synth_1/.Xil/Vivado-8620-DESKTOP-VQ4ABFJ/realtime/bd_minimal_util_vector_logic_0_0_stub.v:5]
INFO: [Synth 8-6157] synthesizing module 'bd_minimal_zynq_ultra_ps_e_0_0' [C:/Users/Randy/Desktop/repos/FPGA-Ray_2/project_1/project_1.runs/synth_1/.Xil/Vivado-8620-DESKTOP-VQ4ABFJ/realtime/bd_minimal_zynq_ultra_ps_e_0_0_stub.v:5]
INFO: [Synth 8-6155] done synthesizing module 'bd_minimal_zynq_ultra_ps_e_0_0' (0#1) [C:/Users/Randy/Desktop/repos/FPGA-Ray_2/project_1/project_1.runs/synth_1/.Xil/Vivado-8620-DESKTOP-VQ4ABFJ/realtime/bd_minimal_zynq_ultra_ps_e_0_0_stub.v:5]
INFO: [Synth 8-6155] done synthesizing module 'bd_minimal' (0#1) [c:/Users/Randy/Desktop/repos/FPGA-Ray_2/project_1/project_1.gen/sources_1/bd/bd_minimal/synth/bd_minimal.v:12]
INFO: [Synth 8-6155] done synthesizing module 'bd_minimal_wrapper' (0#1) [c:/Users/Randy/Desktop/repos/FPGA-Ray_2/project_1/project_1.gen/sources_1/bd/bd_minimal/hdl/bd_minimal_wrapper.v:12]
---------------------------------------------------------------------------------
Finished RTL Elaboration : Time (s): cpu = 00:00:03 ; elapsed = 00:00:04 . Memory (MB): peak = 1893.930 ; gain = 426.770
---------------------------------------------------------------------------------
---------------------------------------------------------------------------------
Start Handling Custom Attributes
---------------------------------------------------------------------------------
---------------------------------------------------------------------------------
Finished Handling Custom Attributes : Time (s): cpu = 00:00:03 ; elapsed = 00:00:04 . Memory (MB): peak = 1893.930 ; gain = 426.770
---------------------------------------------------------------------------------
---------------------------------------------------------------------------------
Finished RTL Optimization Phase 1 : Time (s): cpu = 00:00:03 ; elapsed = 00:00:04 . Memory (MB): peak = 1893.930 ; gain = 426.770
---------------------------------------------------------------------------------
Netlist sorting complete. Time (s): cpu = 00:00:00 ; elapsed = 00:00:00.004 . Memory (MB): peak = 1893.930 ; gain = 0.000
INFO: [Project 1-570] Preparing netlist for logic optimization

Processing XDC Constraints
Initializing timing engine
Parsing XDC File [c:/Users/Randy/Desktop/repos/FPGA-Ray_2/project_1/project_1.gen/sources_1/bd/bd_minimal/ip/bd_minimal_zynq_ultra_ps_e_0_0/bd_minimal_zynq_ultra_ps_e_0_0/bd_minimal_zynq_ultra_ps_e_0_0_in_context.xdc] for cell 'bd_minimal_i/zynq_ultra_ps_e_0'
Finished Parsing XDC File [c:/Users/Randy/Desktop/repos/FPGA-Ray_2/project_1/project_1.gen/sources_1/bd/bd_minimal/ip/bd_minimal_zynq_ultra_ps_e_0_0/bd_minimal_zynq_ultra_ps_e_0_0/bd_minimal_zynq_ultra_ps_e_0_0_in_context.xdc] for cell 'bd_minimal_i/zynq_ultra_ps_e_0'
Parsing XDC File [c:/Users/Randy/Desktop/repos/FPGA-Ray_2/project_1/project_1.gen/sources_1/bd/bd_minimal/ip/bd_minimal_proc_sys_reset_0_0/bd_minimal_proc_sys_reset_0_0/bd_minimal_proc_sys_reset_0_0_in_context.xdc] for cell 'bd_minimal_i/proc_sys_reset_0'
Finished Parsing XDC File [c:/Users/Randy/Desktop/repos/FPGA-Ray_2/project_1/project_1.gen/sources_1/bd/bd_minimal/ip/bd_minimal_proc_sys_reset_0_0/bd_minimal_proc_sys_reset_0_0/bd_minimal_proc_sys_reset_0_0_in_context.xdc] for cell 'bd_minimal_i/proc_sys_reset_0'
Parsing XDC File [c:/Users/Randy/Desktop/repos/FPGA-Ray_2/project_1/project_1.gen/sources_1/bd/bd_minimal/ip/bd_minimal_smartconnect_0_0/bd_minimal_smartconnect_0_0/bd_minimal_smartconnect_0_0_in_context.xdc] for cell 'bd_minimal_i/smartconnect_0'
Finished Parsing XDC File [c:/Users/Randy/Desktop/repos/FPGA-Ray_2/project_1/project_1.gen/sources_1/bd/bd_minimal/ip/bd_minimal_smartconnect_0_0/bd_minimal_smartconnect_0_0/bd_minimal_smartconnect_0_0_in_context.xdc] for cell 'bd_minimal_i/smartconnect_0'
Parsing XDC File [c:/Users/Randy/Desktop/repos/FPGA-Ray_2/project_1/project_1.gen/sources_1/bd/bd_minimal/ip/bd_minimal_util_vector_logic_0_0/bd_minimal_util_vector_logic_0_0/bd_minimal_util_vector_logic_0_0_in_context.xdc] for cell 'bd_minimal_i/util_vector_logic_0'
Finished Parsing XDC File [c:/Users/Randy/Desktop/repos/FPGA-Ray_2/project_1/project_1.gen/sources_1/bd/bd_minimal/ip/bd_minimal_util_vector_logic_0_0/bd_minimal_util_vector_logic_0_0/bd_minimal_util_vector_logic_0_0_in_context.xdc] for cell 'bd_minimal_i/util_vector_logic_0'
Parsing XDC File [c:/Users/Randy/Desktop/repos/FPGA-Ray_2/project_1/project_1.gen/sources_1/bd/bd_minimal/ip/bd_minimal_my_axi_slave_0_0/bd_minimal_my_axi_slave_0_0/bd_minimal_my_axi_slave_0_0_in_context.xdc] for cell 'bd_minimal_i/my_axi_slave_0'
Finished Parsing XDC File [c:/Users/Randy/Desktop/repos/FPGA-Ray_2/project_1/project_1.gen/sources_1/bd/bd_minimal/ip/bd_minimal_my_axi_slave_0_0/bd_minimal_my_axi_slave_0_0/bd_minimal_my_axi_slave_0_0_in_context.xdc] for cell 'bd_minimal_i/my_axi_slave_0'
Parsing XDC File [C:/Users/Randy/Desktop/repos/FPGA-Ray_2/project_1/project_1.runs/synth_1/dont_touch.xdc]
Finished Parsing XDC File [C:/Users/Randy/Desktop/repos/FPGA-Ray_2/project_1/project_1.runs/synth_1/dont_touch.xdc]
Completed Processing XDC Constraints

Netlist sorting complete. Time (s): cpu = 00:00:00 ; elapsed = 00:00:00 . Memory (MB): peak = 1893.930 ; gain = 0.000
INFO: [Project 1-111] Unisim Transformation Summary:
No Unisim elements were transformed.

Constraint Validation Runtime : Time (s): cpu = 00:00:00 ; elapsed = 00:00:00.003 . Memory (MB): peak = 1893.930 ; gain = 0.000
INFO: [Designutils 20-5440] No compile time benefit to using incremental synthesis; A full resynthesis will be run
INFO: [Designutils 20-4379] Flow is switching to default flow due to incremental criteria not met. If you would like to alter this behaviour and have the flow terminate instead, please set the following parameter config_implementation {autoIncr.Synth.RejectBehavior Terminate}
INFO: [Synth 8-11241] undeclared symbol 'REGCCE', assumed default net type 'wire' [C:/Xilinx/Vivado/2022.2/data/verilog/src/unimacro/BRAM_SINGLE_MACRO.v:2170]
---------------------------------------------------------------------------------
Finished Constraint Validation : Time (s): cpu = 00:00:10 ; elapsed = 00:00:11 . Memory (MB): peak = 1895.305 ; gain = 428.145
---------------------------------------------------------------------------------
---------------------------------------------------------------------------------
Start Loading Part and Timing Information
---------------------------------------------------------------------------------
Loading part: xczu4ev-sfvc784-1-e
INFO: [Synth 8-6742] Reading net delay rules and data
---------------------------------------------------------------------------------
Finished Loading Part and Timing Information : Time (s): cpu = 00:00:10 ; elapsed = 00:00:11 . Memory (MB): peak = 1895.305 ; gain = 428.145
---------------------------------------------------------------------------------
---------------------------------------------------------------------------------
Start Applying 'set_property' XDC Constraints
---------------------------------------------------------------------------------
Applied set_property KEEP_HIERARCHY = SOFT for bd_minimal_i. (constraint file  auto generated constraint).
Applied set_property KEEP_HIERARCHY = SOFT for bd_minimal_i/zynq_ultra_ps_e_0. (constraint file  auto generated constraint).
Applied set_property KEEP_HIERARCHY = SOFT for bd_minimal_i/proc_sys_reset_0. (constraint file  auto generated constraint).
Applied set_property KEEP_HIERARCHY = SOFT for bd_minimal_i/smartconnect_0. (constraint file  auto generated constraint).
Applied set_property KEEP_HIERARCHY = SOFT for bd_minimal_i/util_vector_logic_0. (constraint file  auto generated constraint).
Applied set_property KEEP_HIERARCHY = SOFT for bd_minimal_i/my_axi_slave_0. (constraint file  auto generated constraint).
---------------------------------------------------------------------------------
Finished applying 'set_property' XDC Constraints : Time (s): cpu = 00:00:10 ; elapsed = 00:00:11 . Memory (MB): peak = 1895.305 ; gain = 428.145
---------------------------------------------------------------------------------
---------------------------------------------------------------------------------
Finished RTL Optimization Phase 2 : Time (s): cpu = 00:00:10 ; elapsed = 00:00:11 . Memory (MB): peak = 1895.305 ; gain = 428.145
---------------------------------------------------------------------------------
---------------------------------------------------------------------------------
Start RTL Component Statistics 
---------------------------------------------------------------------------------
Detailed RTL Component Info : 
---------------------------------------------------------------------------------
Finished RTL Component Statistics 
---------------------------------------------------------------------------------
---------------------------------------------------------------------------------
Start Part Resource Summary
---------------------------------------------------------------------------------
Part Resources:
DSPs: 728 (col length:96)
BRAMs: 256 (col length: RAMB18 96 RAMB36 48)
---------------------------------------------------------------------------------
Finished Part Resource Summary
---------------------------------------------------------------------------------
---------------------------------------------------------------------------------
Start Cross Boundary and Area Optimization
---------------------------------------------------------------------------------
WARNING: [Synth 8-7080] Parallel synthesis criteria is not met
---------------------------------------------------------------------------------
Finished Cross Boundary and Area Optimization : Time (s): cpu = 00:00:11 ; elapsed = 00:00:12 . Memory (MB): peak = 1895.305 ; gain = 428.145
---------------------------------------------------------------------------------
---------------------------------------------------------------------------------
Start Applying XDC Timing Constraints
---------------------------------------------------------------------------------
---------------------------------------------------------------------------------
Finished Applying XDC Timing Constraints : Time (s): cpu = 00:00:18 ; elapsed = 00:00:20 . Memory (MB): peak = 2454.539 ; gain = 987.379
---------------------------------------------------------------------------------
---------------------------------------------------------------------------------
Start Timing Optimization
---------------------------------------------------------------------------------
---------------------------------------------------------------------------------
Finished Timing Optimization : Time (s): cpu = 00:00:18 ; elapsed = 00:00:20 . Memory (MB): peak = 2454.539 ; gain = 987.379
---------------------------------------------------------------------------------
---------------------------------------------------------------------------------
Start Technology Mapping
---------------------------------------------------------------------------------
---------------------------------------------------------------------------------
Finished Technology Mapping : Time (s): cpu = 00:00:18 ; elapsed = 00:00:20 . Memory (MB): peak = 2474.121 ; gain = 1006.961
---------------------------------------------------------------------------------
---------------------------------------------------------------------------------
Start IO Insertion
---------------------------------------------------------------------------------
---------------------------------------------------------------------------------
Start Flattening Before IO Insertion
---------------------------------------------------------------------------------
---------------------------------------------------------------------------------
Finished Flattening Before IO Insertion
---------------------------------------------------------------------------------
---------------------------------------------------------------------------------
Start Final Netlist Cleanup
---------------------------------------------------------------------------------
---------------------------------------------------------------------------------
Finished Final Netlist Cleanup
---------------------------------------------------------------------------------
---------------------------------------------------------------------------------
Finished IO Insertion : Time (s): cpu = 00:00:20 ; elapsed = 00:00:22 . Memory (MB): peak = 2478.891 ; gain = 1011.730
---------------------------------------------------------------------------------
---------------------------------------------------------------------------------
Start Renaming Generated Instances
---------------------------------------------------------------------------------
---------------------------------------------------------------------------------
Finished Renaming Generated Instances : Time (s): cpu = 00:00:20 ; elapsed = 00:00:22 . Memory (MB): peak = 2478.891 ; gain = 1011.730
---------------------------------------------------------------------------------
---------------------------------------------------------------------------------
Start Rebuilding User Hierarchy
---------------------------------------------------------------------------------
---------------------------------------------------------------------------------
Finished Rebuilding User Hierarchy : Time (s): cpu = 00:00:20 ; elapsed = 00:00:22 . Memory (MB): peak = 2478.891 ; gain = 1011.730
---------------------------------------------------------------------------------
---------------------------------------------------------------------------------
Start Renaming Generated Ports
---------------------------------------------------------------------------------
---------------------------------------------------------------------------------
Finished Renaming Generated Ports : Time (s): cpu = 00:00:20 ; elapsed = 00:00:22 . Memory (MB): peak = 2478.891 ; gain = 1011.730
---------------------------------------------------------------------------------
---------------------------------------------------------------------------------
Start Handling Custom Attributes
---------------------------------------------------------------------------------
---------------------------------------------------------------------------------
Finished Handling Custom Attributes : Time (s): cpu = 00:00:20 ; elapsed = 00:00:22 . Memory (MB): peak = 2478.891 ; gain = 1011.730
---------------------------------------------------------------------------------
---------------------------------------------------------------------------------
Start Renaming Generated Nets
---------------------------------------------------------------------------------
---------------------------------------------------------------------------------
Finished Renaming Generated Nets : Time (s): cpu = 00:00:20 ; elapsed = 00:00:22 . Memory (MB): peak = 2478.891 ; gain = 1011.730
---------------------------------------------------------------------------------
---------------------------------------------------------------------------------
Start Writing Synthesis Report
---------------------------------------------------------------------------------

Report BlackBoxes: 
+------+---------------------------------+----------+
|      |BlackBox name                    |Instances |
+------+---------------------------------+----------+
|1     |bd_minimal_my_axi_slave_0_0      |         1|
|2     |bd_minimal_proc_sys_reset_0_0    |         1|
|3     |bd_minimal_smartconnect_0_0      |         1|
|4     |bd_minimal_util_vector_logic_0_0 |         1|
|5     |bd_minimal_zynq_ultra_ps_e_0_0   |         1|
+------+---------------------------------+----------+

Report Cell Usage: 
+------+-------------------------------+------+
|      |Cell                           |Count |
+------+-------------------------------+------+
|1     |bd_minimal_my_axi_slave_0      |     1|
|2     |bd_minimal_proc_sys_reset_0    |     1|
|3     |bd_minimal_smartconnect_0      |     1|
|4     |bd_minimal_util_vector_logic_0 |     1|
|5     |bd_minimal_zynq_ultra_ps_e_0   |     1|
+------+-------------------------------+------+
---------------------------------------------------------------------------------
Finished Writing Synthesis Report : Time (s): cpu = 00:00:20 ; elapsed = 00:00:22 . Memory (MB): peak = 2478.891 ; gain = 1011.730
---------------------------------------------------------------------------------
Synthesis finished with 0 errors, 0 critical warnings and 1 warnings.
Synthesis Optimization Runtime : Time (s): cpu = 00:00:13 ; elapsed = 00:00:18 . Memory (MB): peak = 2478.891 ; gain = 1011.730
Synthesis Optimization Complete : Time (s): cpu = 00:00:20 ; elapsed = 00:00:22 . Memory (MB): peak = 2478.891 ; gain = 1011.730
INFO: [Project 1-571] Translating synthesized netlist
Netlist sorting complete. Time (s): cpu = 00:00:00 ; elapsed = 00:00:00.003 . Memory (MB): peak = 2478.891 ; gain = 0.000
INFO: [Project 1-570] Preparing netlist for logic optimization
INFO: [Opt 31-138] Pushed 0 inverter(s) to 0 load pin(s).
Netlist sorting complete. Time (s): cpu = 00:00:00 ; elapsed = 00:00:00 . Memory (MB): peak = 2522.383 ; gain = 0.000
INFO: [Project 1-111] Unisim Transformation Summary:
No Unisim elements were transformed.

Synth Design complete, checksum: 4e33855
INFO: [Common 17-83] Releasing license: Synthesis
38 Infos, 20 Warnings, 0 Critical Warnings and 0 Errors encountered.
synth_design completed successfully
synth_design: Time (s): cpu = 00:00:25 ; elapsed = 00:00:31 . Memory (MB): peak = 2528.391 ; gain = 2067.414
INFO: [Common 17-1381] The checkpoint 'C:/Users/Randy/Desktop/repos/FPGA-Ray_2/project_1/project_1.runs/synth_1/bd_minimal_wrapper.dcp' has been generated.
INFO: [runtcl-4] Executing : report_utilization -file bd_minimal_wrapper_utilization_synth.rpt -pb bd_minimal_wrapper_utilization_synth.pb
INFO: [Common 17-206] Exiting Vivado at Sat Mar 21 15:58:22 2026...
