Copyright 1986-2022 Xilinx, Inc. All Rights Reserved.
--------------------------------------------------------------------------------------------------------------------------------------------------------------------------------------------
| Tool Version : Vivado v.2022.2 (win64) Build 3671981 Fri Oct 14 05:00:03 MDT 2022
| Date         : Sat Mar 21 15:59:49 2026
| Host         : DESKTOP-VQ4ABFJ running 64-bit major release  (build 9200)
| Command      : report_methodology -file bd_minimal_wrapper_methodology_drc_routed.rpt -pb bd_minimal_wrapper_methodology_drc_routed.pb -rpx bd_minimal_wrapper_methodology_drc_routed.rpx
| Design       : bd_minimal_wrapper
| Device       : xczu4ev-sfvc784-1-e
| Speed File   : -1
| Design State : Fully Routed
--------------------------------------------------------------------------------------------------------------------------------------------------------------------------------------------

Report Methodology

Table of Contents
-----------------
1. REPORT SUMMARY
2. REPORT DETAILS

1. REPORT SUMMARY
-----------------
            Netlist: netlist
          Floorplan: design_1
      Design limits: <entire design considered>
             Max violations: <unlimited>
             Violations found: 0
+------+----------+-------------+------------+
| Rule | Severity | Description | Violations |
+------+----------+-------------+------------+
+------+----------+-------------+------------+

2. REPORT DETAILS
-----------------

