Copyright 1986-2022 Xilinx, Inc. All Rights Reserved.
-----------------------------------------------------------------------------------------------------------------------------
| Tool Version : Vivado v.2022.2 (win64) Build 3671981 Fri Oct 14 05:00:03 MDT 2022
| Date         : Sat Mar 21 20:48:24 2026
| Host         : DESKTOP-VQ4ABFJ running 64-bit major release  (build 9200)
| Command      : report_utilization -file design_1_wrapper_utilization_placed.rpt -pb design_1_wrapper_utilization_placed.pb
| Design       : design_1_wrapper
| Device       : xczu4ev-sfvc784-1-e
| Speed File   : -1
| Design State : Fully Placed
-----------------------------------------------------------------------------------------------------------------------------

Utilization Design Information

Table of Contents
-----------------
1. CLB Logic
1.1 Summary of Registers by Type
2. CLB Logic Distribution
3. BLOCKRAM
4. ARITHMETIC
5. I/O
6. CLOCK
7. ADVANCED
8. CONFIGURATION
9. Primitives
10. Black Boxes
11. Instantiated Netlists

1. CLB Logic
------------

+----------------------------+------+-------+------------+-----------+-------+
|          Site Type         | Used | Fixed | Prohibited | Available | Util% |
+----------------------------+------+-------+------------+-----------+-------+
| CLB LUTs                   | 1187 |     0 |          0 |     87840 |  1.35 |
|   LUT as Logic             |  999 |     0 |          0 |     87840 |  1.14 |
|   LUT as Memory            |  188 |     0 |          0 |     57600 |  0.33 |
|     LUT as Distributed RAM |    2 |     0 |            |           |       |
|     LUT as Shift Register  |  186 |     0 |            |           |       |
| CLB Registers              | 1385 |     0 |          0 |    175680 |  0.79 |
|   Register as Flip Flop    | 1385 |     0 |          0 |    175680 |  0.79 |
|   Register as Latch        |    0 |     0 |          0 |    175680 |  0.00 |
| CARRY8                     |    0 |     0 |          0 |     14640 |  0.00 |
| F7 Muxes                   |    0 |     0 |          0 |     58560 |  0.00 |
| F8 Muxes                   |    0 |     0 |          0 |     29280 |  0.00 |
| F9 Muxes                   |    0 |     0 |          0 |     14640 |  0.00 |
+----------------------------+------+-------+------------+-----------+-------+
* Warning! LUT value is adjusted to account for LUT combining.


1.1 Summary of Registers by Type
--------------------------------

+-------+--------------+-------------+--------------+
| Total | Clock Enable | Synchronous | Asynchronous |
+-------+--------------+-------------+--------------+
| 0     |            _ |           - |            - |
| 0     |            _ |           - |          Set |
| 0     |            _ |           - |        Reset |
| 0     |            _ |         Set |            - |
| 0     |            _ |       Reset |            - |
| 0     |          Yes |           - |            - |
| 0     |          Yes |           - |          Set |
| 57    |          Yes |           - |        Reset |
| 73    |          Yes |         Set |            - |
| 1255  |          Yes |       Reset |            - |
+-------+--------------+-------------+--------------+


2. CLB Logic Distribution
-------------------------

+--------------------------------------------+------+-------+------------+-----------+-------+
|                  Site Type                 | Used | Fixed | Prohibited | Available | Util% |
+--------------------------------------------+------+-------+------------+-----------+-------+
| CLB                                        |  246 |     0 |          0 |     14640 |  1.68 |
|   CLBL                                     |   87 |     0 |            |           |       |
|   CLBM                                     |  159 |     0 |            |           |       |
| LUT as Logic                               |  999 |     0 |          0 |     87840 |  1.14 |
|   using O5 output only                     |   59 |       |            |           |       |
|   using O6 output only                     |  577 |       |            |           |       |
|   using O5 and O6                          |  363 |       |            |           |       |
| LUT as Memory                              |  188 |     0 |          0 |     57600 |  0.33 |
|   LUT as Distributed RAM                   |    2 |     0 |            |           |       |
|     using O5 output only                   |    0 |       |            |           |       |
|     using O6 output only                   |    2 |       |            |           |       |
|     using O5 and O6                        |    0 |       |            |           |       |
|   LUT as Shift Register                    |  186 |     0 |            |           |       |
|     using O5 output only                   |    0 |       |            |           |       |
|     using O6 output only                   |  186 |       |            |           |       |
|     using O5 and O6                        |    0 |       |            |           |       |
| CLB Registers                              | 1385 |     0 |          0 |    175680 |  0.79 |
|   Register driven from within the CLB      |  712 |       |            |           |       |
|   Register driven from outside the CLB     |  673 |       |            |           |       |
|     LUT in front of the register is unused |  476 |       |            |           |       |
|     LUT in front of the register is used   |  197 |       |            |           |       |
| Unique Control Sets                        |  121 |       |          0 |     29280 |  0.41 |
+--------------------------------------------+------+-------+------------+-----------+-------+
* * Note: Available Control Sets calculated as Slices * 2, Review the Control Sets Report for more information regarding control sets.


3. BLOCKRAM
-----------

+-------------------+------+-------+------------+-----------+-------+
|     Site Type     | Used | Fixed | Prohibited | Available | Util% |
+-------------------+------+-------+------------+-----------+-------+
| Block RAM Tile    |    4 |     0 |          0 |       128 |  3.13 |
|   RAMB36/FIFO*    |    4 |     0 |          0 |       128 |  3.13 |
|     RAMB36E2 only |    4 |       |            |           |       |
|   RAMB18          |    0 |     0 |          0 |       256 |  0.00 |
| URAM              |    0 |     0 |          0 |        48 |  0.00 |
+-------------------+------+-------+------------+-----------+-------+
* Note: Each Block RAM Tile only has one FIFO logic available and therefore can accommodate only one FIFO36E2 or one FIFO18E2. However, if a FIFO18E2 occupies a Block RAM Tile, that tile can still accommodate a RAMB18E2


4. ARITHMETIC
-------------

+-----------+------+-------+------------+-----------+-------+
| Site Type | Used | Fixed | Prohibited | Available | Util% |
+-----------+------+-------+------------+-----------+-------+
| DSPs      |    0 |     0 |          0 |       728 |  0.00 |
+-----------+------+-------+------------+-----------+-------+


5. I/O
------

+------------------+------+-------+------------+-----------+-------+
|     Site Type    | Used | Fixed | Prohibited | Available | Util% |
+------------------+------+-------+------------+-----------+-------+
| Bonded IOB       |    0 |     0 |          0 |       252 |  0.00 |
| HPIOB_M          |    0 |     0 |          0 |        72 |  0.00 |
| HPIOB_S          |    0 |     0 |          0 |        72 |  0.00 |
| HDIOB_M          |    0 |     0 |          0 |        48 |  0.00 |
| HDIOB_S          |    0 |     0 |          0 |        48 |  0.00 |
| HPIOB_SNGL       |    0 |     0 |          0 |        12 |  0.00 |
| HPIOBDIFFINBUF   |    0 |     0 |          0 |        96 |  0.00 |
| HPIOBDIFFOUTBUF  |    0 |     0 |          0 |        96 |  0.00 |
| HDIOBDIFFINBUF   |    0 |     0 |          0 |        48 |  0.00 |
| BITSLICE_CONTROL |    0 |     0 |          0 |        32 |  0.00 |
| BITSLICE_RX_TX   |    0 |     0 |          0 |      1248 |  0.00 |
| BITSLICE_TX      |    0 |     0 |          0 |        32 |  0.00 |
| RIU_OR           |    0 |     0 |          0 |        16 |  0.00 |
+------------------+------+-------+------------+-----------+-------+


6. CLOCK
--------

+----------------------+------+-------+------------+-----------+-------+
|       Site Type      | Used | Fixed | Prohibited | Available | Util% |
+----------------------+------+-------+------------+-----------+-------+
| GLOBAL CLOCK BUFFERs |    1 |     0 |          0 |       352 |  0.28 |
|   BUFGCE             |    0 |     0 |          0 |       112 |  0.00 |
|   BUFGCE_DIV         |    0 |     0 |          0 |        16 |  0.00 |
|   BUFG_GT            |    0 |     0 |          0 |        96 |  0.00 |
|   BUFG_PS            |    1 |     0 |          0 |        96 |  1.04 |
|   BUFGCTRL*          |    0 |     0 |          0 |        32 |  0.00 |
| PLL                  |    0 |     0 |          0 |         8 |  0.00 |
| MMCM                 |    0 |     0 |          0 |         4 |  0.00 |
+----------------------+------+-------+------------+-----------+-------+
* Note: Each used BUFGCTRL counts as two GLOBAL CLOCK BUFFERs. This table does not include global clocking resources, only buffer cell usage. See the Clock Utilization Report (report_clock_utilization) for detailed accounting of global clocking resource availability.


7. ADVANCED
-----------

+-----------------+------+-------+------------+-----------+--------+
|    Site Type    | Used | Fixed | Prohibited | Available |  Util% |
+-----------------+------+-------+------------+-----------+--------+
| GTHE4_CHANNEL   |    0 |     0 |          0 |         4 |   0.00 |
| GTHE4_COMMON    |    0 |     0 |          0 |         1 |   0.00 |
| OBUFDS_GTE4     |    0 |     0 |          0 |         2 |   0.00 |
| OBUFDS_GTE4_ADV |    0 |     0 |          0 |         2 |   0.00 |
| PCIE40E4        |    0 |     0 |          0 |         2 |   0.00 |
| PS8             |    1 |     0 |          0 |         1 | 100.00 |
| SYSMONE4        |    0 |     0 |          0 |         1 |   0.00 |
| VCU             |    0 |     0 |          0 |         1 |   0.00 |
+-----------------+------+-------+------------+-----------+--------+


8. CONFIGURATION
----------------

+-------------+------+-------+------------+-----------+-------+
|  Site Type  | Used | Fixed | Prohibited | Available | Util% |
+-------------+------+-------+------------+-----------+-------+
| BSCANE2     |    0 |     0 |          0 |         4 |  0.00 |
| DNA_PORTE2  |    0 |     0 |          0 |         1 |  0.00 |
| EFUSE_USR   |    0 |     0 |          0 |         1 |  0.00 |
| FRAME_ECCE4 |    0 |     0 |          0 |         1 |  0.00 |
| ICAPE3      |    0 |     0 |          0 |         2 |  0.00 |
| MASTER_JTAG |    0 |     0 |          0 |         1 |  0.00 |
| STARTUPE3   |    0 |     0 |          0 |         1 |  0.00 |
+-------------+------+-------+------------+-----------+-------+


9. Primitives
-------------

+----------+------+---------------------+
| Ref Name | Used | Functional Category |
+----------+------+---------------------+
| FDRE     | 1255 |            Register |
| LUT3     |  464 |                 CLB |
| LUT6     |  302 |                 CLB |
| LUT4     |  225 |                 CLB |
| LUT5     |  158 |                 CLB |
| LUT2     |  144 |                 CLB |
| SRLC32E  |  128 |                 CLB |
| FDSE     |   73 |            Register |
| LUT1     |   69 |                 CLB |
| SRL16E   |   58 |                 CLB |
| FDCE     |   57 |            Register |
| RAMB36E2 |    4 |            BLOCKRAM |
| RAMD32   |    2 |                 CLB |
| PS8      |    1 |            Advanced |
| BUFG_PS  |    1 |               Clock |
+----------+------+---------------------+


10. Black Boxes
---------------

+----------+------+
| Ref Name | Used |
+----------+------+


11. Instantiated Netlists
-------------------------

+--------------------------------+------+
|            Ref Name            | Used |
+--------------------------------+------+
| design_1_zynq_ultra_ps_e_0_0   |    1 |
| design_1_util_vector_logic_0_0 |    1 |
| design_1_smartconnect_0_0      |    1 |
| design_1_proc_sys_reset_0_0    |    1 |
| design_1_my_axi_slave_0_0      |    1 |
+--------------------------------+------+


