Copyright 1986-2022 Xilinx, Inc. All Rights Reserved.
---------------------------------------------------------------------------------------------
| Tool Version : Vivado v.2022.2 (win64) Build 3671981 Fri Oct 14 05:00:03 MDT 2022
| Date         : Sat Mar 21 20:48:24 2026
| Host         : DESKTOP-VQ4ABFJ running 64-bit major release  (build 9200)
| Command      : report_control_sets -verbose -file design_1_wrapper_control_sets_placed.rpt
| Design       : design_1_wrapper
| Device       : xczu4ev
---------------------------------------------------------------------------------------------

Control Set Information

Table of Contents
-----------------
1. Summary
2. Histogram
3. Flip-Flop Distribution
4. Detailed Control Set Information

1. Summary
----------

+----------------------------------------------------------+-------+
|                          Status                          | Count |
+----------------------------------------------------------+-------+
| Total control sets                                       |   121 |
|    Minimum number of control sets                        |   121 |
|    Addition due to synthesis replication                 |     0 |
|    Addition due to physical synthesis replication        |     0 |
| Unused register locations in slices containing registers |   175 |
+----------------------------------------------------------+-------+
* Control sets can be merged at opt_design using control_set_merge or merge_equivalent_drivers
** Run report_qor_suggestions for automated merging and remapping suggestions


2. Histogram
------------

+--------------------+-------+
|       Fanout       | Count |
+--------------------+-------+
| Total control sets |   121 |
| >= 0 to < 4        |    55 |
| >= 4 to < 6        |    16 |
| >= 6 to < 8        |     4 |
| >= 8 to < 10       |    11 |
| >= 10 to < 12      |     5 |
| >= 12 to < 14      |     6 |
| >= 14 to < 16      |     0 |
| >= 16              |    24 |
+--------------------+-------+
* Control sets can be remapped at either synth_design or opt_design


3. Flip-Flop Distribution
-------------------------

+--------------+-----------------------+------------------------+-----------------+--------------+
| Clock Enable | Synchronous Set/Reset | Asynchronous Set/Reset | Total Registers | Total Slices |
+--------------+-----------------------+------------------------+-----------------+--------------+
| No           | No                    | No                     |              99 |           39 |
| No           | No                    | Yes                    |              57 |           19 |
| No           | Yes                   | No                     |              95 |           58 |
| Yes          | No                    | No                     |             808 |          119 |
| Yes          | No                    | Yes                    |               0 |            0 |
| Yes          | Yes                   | No                     |             326 |           86 |
+--------------+-----------------------+------------------------+-----------------+--------------+


4. Detailed Control Set Information
-----------------------------------

+--------------------------------------------+---------------------------------------------------------------------------------------------------------------------------------------------------------------------------------------------+-------------------------------------------------------------------------------------------------------------------------------------------------------------+------------------+----------------+--------------+
|                Clock Signal                |                                                                                        Enable Signal                                                                                        |                                                                       Set/Reset Signal                                                                      | Slice Load Count | Bel Load Count | Bels / Slice |
+--------------------------------------------+---------------------------------------------------------------------------------------------------------------------------------------------------------------------------------------------+-------------------------------------------------------------------------------------------------------------------------------------------------------------+------------------+----------------+--------------+
|  design_1_i/zynq_ultra_ps_e_0/inst/pl_clk0 |                                                                                                                                                                                             | design_1_i/smartconnect_0/inst/m00_nodes/m00_r_node/inst/s_sc_areset_pipe                                                                                   |                1 |              1 |         1.00 |
|  design_1_i/zynq_ultra_ps_e_0/inst/pl_clk0 |                                                                                                                                                                                             | design_1_i/smartconnect_0/inst/m00_nodes/m00_w_node/inst/s_sc_areset_pipe                                                                                   |                1 |              1 |         1.00 |
|  design_1_i/zynq_ultra_ps_e_0/inst/pl_clk0 |                                                                                                                                                                                             | design_1_i/smartconnect_0/inst/s00_nodes/s00_b_node/inst/s_sc_areset_pipe                                                                                   |                1 |              1 |         1.00 |
|  design_1_i/zynq_ultra_ps_e_0/inst/pl_clk0 |                                                                                                                                                                                             | design_1_i/smartconnect_0/inst/s00_nodes/s00_r_node/inst/s_sc_areset_pipe                                                                                   |                1 |              1 |         1.00 |
|  design_1_i/zynq_ultra_ps_e_0/inst/pl_clk0 |                                                                                                                                                                                             | design_1_i/smartconnect_0/inst/s00_nodes/s00_ar_node/inst/s_sc_areset_pipe                                                                                  |                1 |              1 |         1.00 |
|  design_1_i/zynq_ultra_ps_e_0/inst/pl_clk0 | design_1_i/smartconnect_0/inst/switchboards/i_nodes/i_aw_node/inst/inst_si_handler/gen_m_axis_arb_fifo.inst_axis_arb_fifo/gen_srls[0].srl_nx1/shift                                         |                                                                                                                                                             |                1 |              1 |         1.00 |
|  design_1_i/zynq_ultra_ps_e_0/inst/pl_clk0 |                                                                                                                                                                                             | design_1_i/smartconnect_0/inst/s00_nodes/s00_aw_node/inst/s_sc_areset_pipe                                                                                  |                1 |              1 |         1.00 |
|  design_1_i/zynq_ultra_ps_e_0/inst/pl_clk0 |                                                                                                                                                                                             | design_1_i/smartconnect_0/inst/s00_nodes/s00_w_node/inst/s_sc_areset_pipe                                                                                   |                1 |              1 |         1.00 |
|  design_1_i/zynq_ultra_ps_e_0/inst/pl_clk0 |                                                                                                                                                                                             | design_1_i/smartconnect_0/inst/switchboards/i_nodes/i_ar_node/inst/s_sc_areset_pipe                                                                         |                1 |              1 |         1.00 |
|  design_1_i/zynq_ultra_ps_e_0/inst/pl_clk0 |                                                                                                                                                                                             | design_1_i/smartconnect_0/inst/switchboards/i_nodes/i_aw_node/inst/s_sc_areset_pipe                                                                         |                1 |              1 |         1.00 |
|  design_1_i/zynq_ultra_ps_e_0/inst/pl_clk0 |                                                                                                                                                                                             | design_1_i/smartconnect_0/inst/switchboards/i_nodes/i_b_node/inst/s_sc_areset_pipe                                                                          |                1 |              1 |         1.00 |
|  design_1_i/zynq_ultra_ps_e_0/inst/pl_clk0 |                                                                                                                                                                                             | design_1_i/smartconnect_0/inst/switchboards/i_nodes/i_w_node/inst/s_sc_areset_pipe                                                                          |                1 |              1 |         1.00 |
|  design_1_i/zynq_ultra_ps_e_0/inst/pl_clk0 |                                                                                                                                                                                             | design_1_i/smartconnect_0/inst/m00_nodes/m00_ar_node/inst/s_sc_areset_pipe                                                                                  |                1 |              1 |         1.00 |
|  design_1_i/zynq_ultra_ps_e_0/inst/pl_clk0 |                                                                                                                                                                                             | design_1_i/smartconnect_0/inst/m00_nodes/m00_aw_node/inst/s_sc_areset_pipe                                                                                  |                1 |              1 |         1.00 |
|  design_1_i/zynq_ultra_ps_e_0/inst/pl_clk0 |                                                                                                                                                                                             | design_1_i/smartconnect_0/inst/m00_nodes/m00_b_node/inst/s_sc_areset_pipe                                                                                   |                1 |              1 |         1.00 |
|  design_1_i/zynq_ultra_ps_e_0/inst/pl_clk0 |                                                                                                                                                                                             | design_1_i/smartconnect_0/inst/switchboards/i_nodes/i_r_node/inst/s_sc_areset_pipe                                                                          |                1 |              1 |         1.00 |
|  design_1_i/zynq_ultra_ps_e_0/inst/pl_clk0 | design_1_i/smartconnect_0/inst/m00_exit_pipeline/m00_exit/inst/splitter_inst/gen_axi4lite.axilite_conv/r_state                                                                              | design_1_i/smartconnect_0/inst/m00_exit_pipeline/m00_exit/inst/areset                                                                                       |                1 |              2 |         2.00 |
|  design_1_i/zynq_ultra_ps_e_0/inst/pl_clk0 | design_1_i/smartconnect_0/inst/switchboards/i_nodes/i_r_node/inst/inst_mi_handler/gen_normal_area.gen_fi_regulator.inst_fi_regulator/s_sc_valid                                             | design_1_i/smartconnect_0/inst/switchboards/i_nodes/i_r_node/inst/inst_mi_handler/areset_r                                                                  |                2 |              2 |         1.00 |
|  design_1_i/zynq_ultra_ps_e_0/inst/pl_clk0 | design_1_i/smartconnect_0/inst/switchboards/i_nodes/i_aw_node/inst/inst_si_handler/gen_m_axis_arb_fifo.inst_axis_arb_fifo/E[0]                                                              | design_1_i/smartconnect_0/inst/switchboards/i_nodes/i_aw_node/inst/inst_si_handler/areset_r                                                                 |                1 |              2 |         2.00 |
|  design_1_i/zynq_ultra_ps_e_0/inst/pl_clk0 |                                                                                                                                                                                             | design_1_i/smartconnect_0/inst/m00_exit_pipeline/m00_exit/inst/exit_inst/gen_w_cmd_reg.aresetn_d_reg_n_0_[0]                                                |                2 |              2 |         1.00 |
|  design_1_i/zynq_ultra_ps_e_0/inst/pl_clk0 | design_1_i/smartconnect_0/inst/switchboards/i_nodes/i_aw_node/inst/inst_mi_handler/gen_normal_area.gen_fi_regulator.inst_fi_regulator/E[0]                                                  | design_1_i/smartconnect_0/inst/switchboards/i_nodes/i_aw_node/inst/inst_si_handler/areset_r                                                                 |                1 |              2 |         2.00 |
|  design_1_i/zynq_ultra_ps_e_0/inst/pl_clk0 | design_1_i/smartconnect_0/inst/s00_entry_pipeline/s00_mmu/inst/aw_reg_stall/E[0]                                                                                                            | design_1_i/smartconnect_0/inst/s00_entry_pipeline/s00_mmu/inst/areset                                                                                       |                1 |              2 |         2.00 |
|  design_1_i/zynq_ultra_ps_e_0/inst/pl_clk0 | design_1_i/my_axi_slave_0/U0/proto_mem_v3_0_S00_AXI_inst/axi_arready0                                                                                                                       | design_1_i/proc_sys_reset_0/U0/peripheral_reset[0]                                                                                                          |                1 |              2 |         2.00 |
|  design_1_i/zynq_ultra_ps_e_0/inst/pl_clk0 |                                                                                                                                                                                             | design_1_i/smartconnect_0/inst/s00_entry_pipeline/s00_transaction_regulator/inst/gen_endpoint.gen_w_singleorder.w_singleorder/gen_id_reg.aresetn_d_reg[0]_0 |                1 |              2 |         2.00 |
|  design_1_i/zynq_ultra_ps_e_0/inst/pl_clk0 |                                                                                                                                                                                             | design_1_i/smartconnect_0/inst/s00_entry_pipeline/s00_transaction_regulator/inst/areset                                                                     |                1 |              2 |         2.00 |
|  design_1_i/zynq_ultra_ps_e_0/inst/pl_clk0 | design_1_i/smartconnect_0/inst/switchboards/i_nodes/i_ar_node/inst/inst_mi_handler/gen_normal_area.gen_fi_regulator.inst_fi_regulator/E[0]                                                  | design_1_i/smartconnect_0/inst/switchboards/i_nodes/i_ar_node/inst/inst_si_handler/areset_r                                                                 |                1 |              2 |         2.00 |
|  design_1_i/zynq_ultra_ps_e_0/inst/pl_clk0 |                                                                                                                                                                                             | design_1_i/smartconnect_0/inst/switchboards/i_nodes/i_ar_node/inst/inst_mi_handler/areset_r                                                                 |                1 |              2 |         2.00 |
|  design_1_i/zynq_ultra_ps_e_0/inst/pl_clk0 |                                                                                                                                                                                             | design_1_i/smartconnect_0/inst/switchboards/i_nodes/i_b_node/inst/inst_mi_handler/areset_r                                                                  |                1 |              2 |         2.00 |
|  design_1_i/zynq_ultra_ps_e_0/inst/pl_clk0 |                                                                                                                                                                                             | design_1_i/smartconnect_0/inst/switchboards/i_nodes/i_aw_node/inst/inst_mi_handler/areset_r                                                                 |                1 |              2 |         2.00 |
|  design_1_i/zynq_ultra_ps_e_0/inst/pl_clk0 |                                                                                                                                                                                             | design_1_i/smartconnect_0/inst/switchboards/i_nodes/i_w_node/inst/inst_si_handler/areset_r                                                                  |                1 |              2 |         2.00 |
|  design_1_i/zynq_ultra_ps_e_0/inst/pl_clk0 | design_1_i/smartconnect_0/inst/switchboards/i_nodes/i_ar_node/inst/inst_si_handler/gen_si_handler.gen_arbiter_rr_minimal_area.inst_arbiter/E[0]                                             | design_1_i/smartconnect_0/inst/switchboards/i_nodes/i_ar_node/inst/inst_si_handler/areset_r                                                                 |                1 |              2 |         2.00 |
|  design_1_i/zynq_ultra_ps_e_0/inst/pl_clk0 |                                                                                                                                                                                             | design_1_i/smartconnect_0/inst/switchboards/i_nodes/i_aw_node/inst/inst_si_handler/areset_r                                                                 |                2 |              2 |         1.00 |
|  design_1_i/zynq_ultra_ps_e_0/inst/pl_clk0 |                                                                                                                                                                                             | design_1_i/smartconnect_0/inst/switchboards/i_nodes/i_w_node/inst/inst_mi_handler/areset_r                                                                  |                1 |              2 |         2.00 |
|  design_1_i/zynq_ultra_ps_e_0/inst/pl_clk0 | design_1_i/smartconnect_0/inst/m00_exit_pipeline/m00_exit/inst/splitter_inst/gen_axi4lite.axilite_conv/ar_addr_d[3]_i_1_n_0                                                                 | design_1_i/smartconnect_0/inst/m00_exit_pipeline/m00_exit/inst/areset                                                                                       |                1 |              2 |         2.00 |
|  design_1_i/zynq_ultra_ps_e_0/inst/pl_clk0 | design_1_i/smartconnect_0/inst/s00_entry_pipeline/s00_mmu/inst/gen_endpoint.decerr_slave_inst/E[0]                                                                                          | design_1_i/smartconnect_0/inst/s00_entry_pipeline/s00_mmu/inst/areset                                                                                       |                1 |              2 |         2.00 |
|  design_1_i/zynq_ultra_ps_e_0/inst/pl_clk0 | design_1_i/smartconnect_0/inst/m00_exit_pipeline/m00_exit/inst/splitter_inst/gen_axi4lite.axilite_conv/m_aruser                                                                             | design_1_i/smartconnect_0/inst/m00_exit_pipeline/m00_exit/inst/areset                                                                                       |                1 |              2 |         2.00 |
|  design_1_i/zynq_ultra_ps_e_0/inst/pl_clk0 | design_1_i/smartconnect_0/inst/switchboards/i_nodes/i_w_node/inst/inst_mi_handler/gen_normal_area.inst_fifo_node_payld/gen_reg_fifo.inst_reg_fifo/E[0]                                      | design_1_i/smartconnect_0/inst/switchboards/i_nodes/i_w_node/inst/inst_mi_handler/gen_normal_area.inst_fifo_node_payld/gen_reg_fifo.inst_reg_fifo/SR[0]     |                1 |              2 |         2.00 |
|  design_1_i/zynq_ultra_ps_e_0/inst/pl_clk0 | design_1_i/smartconnect_0/inst/m00_exit_pipeline/m00_exit/inst/splitter_inst/gen_axi4lite.axilite_conv/m_axi_bready_i1                                                                      | design_1_i/smartconnect_0/inst/m00_exit_pipeline/m00_exit/inst/splitter_inst/gen_axi4lite.axilite_conv/s_axi_bresp_i[1]_i_1_n_0                             |                1 |              2 |         2.00 |
|  design_1_i/zynq_ultra_ps_e_0/inst/pl_clk0 | design_1_i/smartconnect_0/inst/switchboards/i_nodes/i_w_node/inst/inst_si_handler/gen_si_handler.gen_request_fifos.gen_req_fifo[0].inst_req_fifo/gen_xpm_memory_fifo.inst_fifo/wr_wea       |                                                                                                                                                             |                1 |              2 |         2.00 |
|  design_1_i/zynq_ultra_ps_e_0/inst/pl_clk0 | design_1_i/smartconnect_0/inst/s00_entry_pipeline/s00_si_converter/inst/converter.wrap_narrow_inst/gen_thread_loop[0].r_payld_fifo/m_valid_i_reg_1[0]                                       | design_1_i/smartconnect_0/inst/s00_entry_pipeline/s00_si_converter/inst/areset                                                                              |                1 |              3 |         3.00 |
|  design_1_i/zynq_ultra_ps_e_0/inst/pl_clk0 | design_1_i/smartconnect_0/inst/switchboards/i_nodes/i_b_node/inst/inst_mi_handler/gen_normal_area.inst_fifo_node_payld/gen_reg_fifo.inst_reg_fifo/gen_single_rank.inst_cntr/E[0]            |                                                                                                                                                             |                2 |              3 |         1.50 |
|  design_1_i/zynq_ultra_ps_e_0/inst/pl_clk0 | design_1_i/smartconnect_0/inst/switchboards/i_nodes/i_w_node/inst/inst_si_handler/gen_si_handler.gen_request_fifos.gen_req_fifo[0].inst_req_fifo/gen_xpm_memory_fifo.inst_fifo/E[0]         |                                                                                                                                                             |                2 |              3 |         1.50 |
|  design_1_i/zynq_ultra_ps_e_0/inst/pl_clk0 | design_1_i/smartconnect_0/inst/switchboards/i_nodes/i_w_node/inst/inst_si_handler/gen_si_handler.gen_request_fifos.gen_req_fifo[0].inst_req_fifo/gen_xpm_memory_fifo.inst_fifo/E[0]         | design_1_i/smartconnect_0/inst/switchboards/i_nodes/i_w_node/inst/inst_si_handler/areset_r                                                                  |                1 |              3 |         3.00 |
|  design_1_i/zynq_ultra_ps_e_0/inst/pl_clk0 | design_1_i/smartconnect_0/inst/s00_entry_pipeline/s00_si_converter/inst/converter.wrap_narrow_inst/gen_thread_loop[0].r_payld_fifo/cmd_fifo/gen_pipelined.state[2]_i_1__0_n_0               | design_1_i/smartconnect_0/inst/s00_entry_pipeline/s00_si_converter/inst/areset                                                                              |                2 |              3 |         1.50 |
|  design_1_i/zynq_ultra_ps_e_0/inst/pl_clk0 | design_1_i/smartconnect_0/inst/s00_entry_pipeline/s00_si_converter/inst/converter.wrap_narrow_inst/w_cmd_fifo/gen_pipelined.state[2]_i_1__1_n_0                                             | design_1_i/smartconnect_0/inst/s00_entry_pipeline/s00_si_converter/inst/areset                                                                              |                1 |              3 |         3.00 |
|  design_1_i/zynq_ultra_ps_e_0/inst/pl_clk0 | design_1_i/smartconnect_0/inst/s00_entry_pipeline/s00_si_converter/inst/converter.wrap_narrow_inst/w_payld_fifo/cmd_fifo/gen_pipelined.state[2]_i_1__2_n_0                                  | design_1_i/smartconnect_0/inst/s00_entry_pipeline/s00_si_converter/inst/areset                                                                              |                2 |              3 |         1.50 |
|  design_1_i/zynq_ultra_ps_e_0/inst/pl_clk0 |                                                                                                                                                                                             | design_1_i/smartconnect_0/inst/switchboards/i_nodes/i_r_node/inst/inst_mi_handler/areset_r                                                                  |                1 |              3 |         3.00 |
|  design_1_i/zynq_ultra_ps_e_0/inst/pl_clk0 | design_1_i/smartconnect_0/inst/s00_entry_pipeline/s00_si_converter/inst/converter.wrap_narrow_inst/gen_thread_loop[0].r_cmd_fifo/gen_pipelined.state[2]_i_1_n_0                             | design_1_i/smartconnect_0/inst/s00_entry_pipeline/s00_si_converter/inst/areset                                                                              |                1 |              3 |         3.00 |
|  design_1_i/zynq_ultra_ps_e_0/inst/pl_clk0 | design_1_i/smartconnect_0/inst/s00_entry_pipeline/s00_si_converter/inst/converter.wrap_narrow_inst/ar_reg_slice/state                                                                       | design_1_i/smartconnect_0/inst/s00_entry_pipeline/s00_si_converter/inst/areset                                                                              |                1 |              3 |         3.00 |
|  design_1_i/zynq_ultra_ps_e_0/inst/pl_clk0 | design_1_i/smartconnect_0/inst/s00_entry_pipeline/s00_si_converter/inst/converter.wrap_narrow_inst/aw_reg_slice/state                                                                       | design_1_i/smartconnect_0/inst/s00_entry_pipeline/s00_si_converter/inst/areset                                                                              |                1 |              3 |         3.00 |
|  design_1_i/zynq_ultra_ps_e_0/inst/pl_clk0 | design_1_i/smartconnect_0/inst/s00_entry_pipeline/s00_mmu/inst/ar_reg_stall/state                                                                                                           | design_1_i/smartconnect_0/inst/s00_entry_pipeline/s00_mmu/inst/areset                                                                                       |                1 |              3 |         3.00 |
|  design_1_i/zynq_ultra_ps_e_0/inst/pl_clk0 | design_1_i/smartconnect_0/inst/s00_entry_pipeline/s00_mmu/inst/aw_reg_stall/state                                                                                                           | design_1_i/smartconnect_0/inst/s00_entry_pipeline/s00_mmu/inst/areset                                                                                       |                1 |              3 |         3.00 |
|  design_1_i/zynq_ultra_ps_e_0/inst/pl_clk0 | design_1_i/smartconnect_0/inst/s00_entry_pipeline/s00_mmu/inst/gen_endpoint.decerr_slave_inst/gen_axi.gen_write.write_cs                                                                    | design_1_i/smartconnect_0/inst/s00_entry_pipeline/s00_mmu/inst/areset                                                                                       |                1 |              3 |         3.00 |
|  design_1_i/zynq_ultra_ps_e_0/inst/pl_clk0 | design_1_i/smartconnect_0/inst/m00_exit_pipeline/m00_exit/inst/splitter_inst/gen_axi4lite.axilite_conv/w_state                                                                              | design_1_i/smartconnect_0/inst/m00_exit_pipeline/m00_exit/inst/areset                                                                                       |                2 |              3 |         1.50 |
|  design_1_i/zynq_ultra_ps_e_0/inst/pl_clk0 | design_1_i/smartconnect_0/inst/switchboards/i_nodes/i_aw_node/inst/inst_si_handler/gen_m_axis_arb_fifo.inst_axis_arb_fifo/gen_pipelined.state[1]_i_1_n_0                                    | design_1_i/smartconnect_0/inst/switchboards/i_nodes/i_aw_node/inst/inst_si_handler/areset_r                                                                 |                1 |              3 |         3.00 |
|  design_1_i/zynq_ultra_ps_e_0/inst/pl_clk0 |                                                                                                                                                                                             | design_1_i/smartconnect_0/inst/clk_map/psr_aclk/U0/EXT_LPF/lpf_int                                                                                          |                1 |              4 |         4.00 |
|  design_1_i/zynq_ultra_ps_e_0/inst/pl_clk0 |                                                                                                                                                                                             | design_1_i/proc_sys_reset_0/U0/EXT_LPF/lpf_int                                                                                                              |                3 |              4 |         1.33 |
|  design_1_i/zynq_ultra_ps_e_0/inst/pl_clk0 | design_1_i/smartconnect_0/inst/s00_entry_pipeline/s00_si_converter/inst/converter.wrap_narrow_inst/w_payld_fifo/cmd_fifo/E[0]                                                               |                                                                                                                                                             |                1 |              4 |         4.00 |
|  design_1_i/zynq_ultra_ps_e_0/inst/pl_clk0 | design_1_i/smartconnect_0/inst/switchboards/i_nodes/i_aw_node/inst/inst_si_handler/gen_m_axis_arb_fifo.inst_axis_arb_fifo/fifoaddr[3]_i_1_n_0                                               | design_1_i/smartconnect_0/inst/switchboards/i_nodes/i_aw_node/inst/inst_si_handler/areset_r                                                                 |                2 |              4 |         2.00 |
|  design_1_i/zynq_ultra_ps_e_0/inst/pl_clk0 | design_1_i/smartconnect_0/inst/s00_entry_pipeline/s00_si_converter/inst/converter.wrap_narrow_inst/gen_thread_loop[0].r_payld_fifo/cmd_fifo/fifoaddr[3]_i_1__4_n_0                          | design_1_i/smartconnect_0/inst/s00_entry_pipeline/s00_si_converter/inst/areset                                                                              |                1 |              4 |         4.00 |
|  design_1_i/zynq_ultra_ps_e_0/inst/pl_clk0 | design_1_i/smartconnect_0/inst/s00_entry_pipeline/s00_si_converter/inst/converter.wrap_narrow_inst/gen_thread_loop[0].r_payld_fifo/cmd_fifo/last_beat_reg[0]                                |                                                                                                                                                             |                1 |              4 |         4.00 |
|  design_1_i/zynq_ultra_ps_e_0/inst/pl_clk0 | design_1_i/smartconnect_0/inst/s00_entry_pipeline/s00_si_converter/inst/converter.wrap_narrow_inst/w_payld_fifo/cmd_fifo/fifoaddr[3]_i_1__2_n_0                                             | design_1_i/smartconnect_0/inst/s00_entry_pipeline/s00_si_converter/inst/areset                                                                              |                2 |              4 |         2.00 |
|  design_1_i/zynq_ultra_ps_e_0/inst/pl_clk0 | design_1_i/smartconnect_0/inst/s00_entry_pipeline/s00_si_converter/inst/converter.wrap_narrow_inst/w_cmd_fifo/fifoaddr[3]_i_1__1_n_0                                                        | design_1_i/smartconnect_0/inst/s00_entry_pipeline/s00_si_converter/inst/areset                                                                              |                1 |              4 |         4.00 |
|  design_1_i/zynq_ultra_ps_e_0/inst/pl_clk0 | design_1_i/smartconnect_0/inst/s00_entry_pipeline/s00_si_converter/inst/converter.wrap_narrow_inst/gen_thread_loop[0].r_cmd_fifo/E[0]                                                       |                                                                                                                                                             |                1 |              4 |         4.00 |
|  design_1_i/zynq_ultra_ps_e_0/inst/pl_clk0 | design_1_i/smartconnect_0/inst/s00_entry_pipeline/s00_si_converter/inst/converter.wrap_narrow_inst/gen_thread_loop[0].r_payld_fifo/r_acceptance_reg[0][0]                                   | design_1_i/smartconnect_0/inst/s00_entry_pipeline/s00_si_converter/inst/areset                                                                              |                1 |              4 |         4.00 |
|  design_1_i/zynq_ultra_ps_e_0/inst/pl_clk0 | design_1_i/smartconnect_0/inst/s00_entry_pipeline/s00_si_converter/inst/gen_normal.splitter_inst/gen_no_wsplitter.gen_endpoint_woffset.gen_wbypass_offset_reg.woffset_vacancy_i_reg_0       |                                                                                                                                                             |                1 |              4 |         4.00 |
|  design_1_i/zynq_ultra_ps_e_0/inst/pl_clk0 | design_1_i/smartconnect_0/inst/s00_entry_pipeline/s00_si_converter/inst/converter.wrap_narrow_inst/gen_thread_loop[0].r_cmd_fifo/fifoaddr[3]_i_1_n_0                                        | design_1_i/smartconnect_0/inst/s00_entry_pipeline/s00_si_converter/inst/areset                                                                              |                1 |              4 |         4.00 |
|  design_1_i/zynq_ultra_ps_e_0/inst/pl_clk0 | design_1_i/smartconnect_0/inst/s00_entry_pipeline/s00_si_converter/inst/converter.wrap_narrow_inst/aw_reg_slice/skid_buffer[1136]_i_1_n_0                                                   |                                                                                                                                                             |                2 |              4 |         2.00 |
|  design_1_i/zynq_ultra_ps_e_0/inst/pl_clk0 | design_1_i/smartconnect_0/inst/s00_entry_pipeline/s00_si_converter/inst/converter.wrap_narrow_inst/aw_reg_slice/m_vector_i                                                                  |                                                                                                                                                             |                2 |              4 |         2.00 |
|  design_1_i/zynq_ultra_ps_e_0/inst/pl_clk0 | design_1_i/smartconnect_0/inst/s00_entry_pipeline/s00_si_converter/inst/converter.wrap_narrow_inst/w_payld_fifo/pop                                                                         | design_1_i/smartconnect_0/inst/s00_entry_pipeline/s00_si_converter/inst/areset                                                                              |                2 |              5 |         2.50 |
|  design_1_i/zynq_ultra_ps_e_0/inst/pl_clk0 | design_1_i/smartconnect_0/inst/s00_entry_pipeline/s00_si_converter/inst/converter.wrap_narrow_inst/gen_thread_loop[0].r_payld_fifo/fifoaddr[4]_i_1_n_0                                      | design_1_i/smartconnect_0/inst/s00_entry_pipeline/s00_si_converter/inst/areset                                                                              |                2 |              5 |         2.50 |
|  design_1_i/zynq_ultra_ps_e_0/inst/pl_clk0 |                                                                                                                                                                                             | design_1_i/proc_sys_reset_0/U0/peripheral_reset[0]                                                                                                          |                2 |              6 |         3.00 |
|  design_1_i/zynq_ultra_ps_e_0/inst/pl_clk0 | design_1_i/smartconnect_0/inst/s00_nodes/s00_w_node/inst/inst_mi_handler/m_sc_req[0]                                                                                                        | design_1_i/smartconnect_0/inst/switchboards/i_nodes/i_w_node/inst/inst_si_handler/areset_r                                                                  |                1 |              6 |         6.00 |
|  design_1_i/zynq_ultra_ps_e_0/inst/pl_clk0 | design_1_i/smartconnect_0/inst/clk_map/psr_aclk/U0/SEQ/seq_cnt_en                                                                                                                           | design_1_i/smartconnect_0/inst/clk_map/psr_aclk/U0/SEQ/seq_clr                                                                                              |                2 |              6 |         3.00 |
|  design_1_i/zynq_ultra_ps_e_0/inst/pl_clk0 | design_1_i/proc_sys_reset_0/U0/SEQ/seq_cnt_en                                                                                                                                               | design_1_i/proc_sys_reset_0/U0/SEQ/seq_clr                                                                                                                  |                1 |              6 |         6.00 |
|  design_1_i/zynq_ultra_ps_e_0/inst/pl_clk0 | design_1_i/smartconnect_0/inst/s00_entry_pipeline/s00_si_converter/inst/converter.wrap_narrow_inst/w_cmd_fifo/gen_pipelined.load_mesg                                                       |                                                                                                                                                             |                2 |              8 |         4.00 |
|  design_1_i/zynq_ultra_ps_e_0/inst/pl_clk0 | design_1_i/smartconnect_0/inst/s00_entry_pipeline/s00_mmu/inst/gen_endpoint.decerr_slave_inst/gen_axi.gen_read.read_cnt[7]_i_1_n_0                                                          | design_1_i/smartconnect_0/inst/s00_entry_pipeline/s00_mmu/inst/areset                                                                                       |                3 |              8 |         2.67 |
|  design_1_i/zynq_ultra_ps_e_0/inst/pl_clk0 | design_1_i/smartconnect_0/inst/m00_exit_pipeline/m00_exit/inst/splitter_inst/gen_axi4lite.axilite_conv/r_beats[7]_i_1_n_0                                                                   | design_1_i/smartconnect_0/inst/m00_exit_pipeline/m00_exit/inst/areset                                                                                       |                3 |              8 |         2.67 |
|  design_1_i/zynq_ultra_ps_e_0/inst/pl_clk0 | design_1_i/smartconnect_0/inst/s00_entry_pipeline/s00_si_converter/inst/converter.wrap_narrow_inst/w_cmd_fifo/gen_srls[8].srl_nx1/shift                                                     |                                                                                                                                                             |                1 |              8 |         8.00 |
|  design_1_i/zynq_ultra_ps_e_0/inst/pl_clk0 | design_1_i/smartconnect_0/inst/s00_entry_pipeline/s00_si_converter/inst/converter.wrap_narrow_inst/gen_thread_loop[0].r_payld_fifo/E[0]                                                     | design_1_i/smartconnect_0/inst/s00_entry_pipeline/s00_si_converter/inst/areset                                                                              |                3 |              8 |         2.67 |
|  design_1_i/zynq_ultra_ps_e_0/inst/pl_clk0 | design_1_i/smartconnect_0/inst/s00_entry_pipeline/s00_si_converter/inst/converter.wrap_narrow_inst/w_cmd_fifo/E[0]                                                                          | design_1_i/smartconnect_0/inst/s00_entry_pipeline/s00_si_converter/inst/areset                                                                              |                3 |              8 |         2.67 |
|  design_1_i/zynq_ultra_ps_e_0/inst/pl_clk0 | design_1_i/smartconnect_0/inst/s00_entry_pipeline/s00_si_converter/inst/converter.wrap_narrow_inst/w_payld_fifo/cmd_fifo/cmd_active_reg_0[0]                                                | design_1_i/smartconnect_0/inst/s00_entry_pipeline/s00_si_converter/inst/areset                                                                              |                2 |              9 |         4.50 |
|  design_1_i/zynq_ultra_ps_e_0/inst/pl_clk0 | design_1_i/smartconnect_0/inst/m00_exit_pipeline/m00_exit/inst/splitter_inst/gen_axi4lite.axilite_conv/w_cnt[8]_i_1_n_0                                                                     | design_1_i/smartconnect_0/inst/m00_exit_pipeline/m00_exit/inst/areset                                                                                       |                2 |              9 |         4.50 |
|  design_1_i/zynq_ultra_ps_e_0/inst/pl_clk0 | design_1_i/smartconnect_0/inst/m00_exit_pipeline/m00_exit/inst/splitter_inst/gen_axi4lite.axilite_conv/b_cnt                                                                                | design_1_i/smartconnect_0/inst/m00_exit_pipeline/m00_exit/inst/splitter_inst/gen_axi4lite.axilite_conv/b_cnt[8]_i_1_n_0                                     |                2 |              9 |         4.50 |
|  design_1_i/zynq_ultra_ps_e_0/inst/pl_clk0 | design_1_i/smartconnect_0/inst/s00_entry_pipeline/s00_si_converter/inst/converter.wrap_narrow_inst/gen_thread_loop[0].r_payld_fifo/cmd_fifo/cmd_active_reg_0[0]                             | design_1_i/smartconnect_0/inst/s00_entry_pipeline/s00_si_converter/inst/areset                                                                              |                3 |              9 |         3.00 |
|  design_1_i/zynq_ultra_ps_e_0/inst/pl_clk0 | design_1_i/smartconnect_0/inst/m00_exit_pipeline/m00_exit/inst/splitter_inst/gen_axi4lite.axilite_conv/ar_cnt[8]_i_1_n_0                                                                    | design_1_i/smartconnect_0/inst/m00_exit_pipeline/m00_exit/inst/areset                                                                                       |                2 |              9 |         4.50 |
|  design_1_i/zynq_ultra_ps_e_0/inst/pl_clk0 |                                                                                                                                                                                             | design_1_i/smartconnect_0/inst/s00_entry_pipeline/s00_mmu/inst/areset                                                                                       |                7 |             10 |         1.43 |
|  design_1_i/zynq_ultra_ps_e_0/inst/pl_clk0 | design_1_i/smartconnect_0/inst/switchboards/i_nodes/i_ar_node/inst/inst_si_handler/gen_si_handler.gen_arbiter_rr_minimal_area.inst_arbiter/s_sc_handshake[0]                                |                                                                                                                                                             |                2 |             10 |         5.00 |
|  design_1_i/zynq_ultra_ps_e_0/inst/pl_clk0 | design_1_i/smartconnect_0/inst/s00_entry_pipeline/s00_si_converter/inst/converter.wrap_narrow_inst/ar_reg_slice/m_vector_i                                                                  |                                                                                                                                                             |                3 |             10 |         3.33 |
|  design_1_i/zynq_ultra_ps_e_0/inst/pl_clk0 | design_1_i/smartconnect_0/inst/s00_entry_pipeline/s00_si_converter/inst/converter.wrap_narrow_inst/ar_reg_slice/skid_buffer[1136]_i_1__0_n_0                                                |                                                                                                                                                             |                3 |             10 |         3.33 |
|  design_1_i/zynq_ultra_ps_e_0/inst/pl_clk0 | design_1_i/smartconnect_0/inst/s00_entry_pipeline/s00_si_converter/inst/converter.wrap_narrow_inst/gen_thread_loop[0].r_cmd_fifo/gen_pipelined.state_reg[1]_0[0]                            | design_1_i/smartconnect_0/inst/s00_entry_pipeline/s00_si_converter/inst/areset                                                                              |                4 |             10 |         2.50 |
|  design_1_i/zynq_ultra_ps_e_0/inst/pl_clk0 | design_1_i/smartconnect_0/inst/s00_entry_pipeline/s00_si_converter/inst/converter.wrap_narrow_inst/w_payld_fifo/cmd_fifo/gen_pipelined.load_mesg                                            |                                                                                                                                                             |                4 |             12 |         3.00 |
|  design_1_i/zynq_ultra_ps_e_0/inst/pl_clk0 | design_1_i/smartconnect_0/inst/s00_entry_pipeline/s00_si_converter/inst/converter.wrap_narrow_inst/gen_thread_loop[0].r_payld_fifo/cmd_fifo/gen_pipelined.load_mesg                         |                                                                                                                                                             |                3 |             12 |         4.00 |
|  design_1_i/zynq_ultra_ps_e_0/inst/pl_clk0 | design_1_i/smartconnect_0/inst/s00_entry_pipeline/s00_si_converter/inst/converter.wrap_narrow_inst/gen_thread_loop[0].r_payld_fifo/cmd_fifo/gen_srls[11].srl_nx1/shift                      |                                                                                                                                                             |                2 |             12 |         6.00 |
|  design_1_i/zynq_ultra_ps_e_0/inst/pl_clk0 | design_1_i/smartconnect_0/inst/s00_entry_pipeline/s00_si_converter/inst/converter.wrap_narrow_inst/w_payld_fifo/cmd_fifo/gen_srls[11].srl_nx1/shift                                         |                                                                                                                                                             |                3 |             12 |         4.00 |
|  design_1_i/zynq_ultra_ps_e_0/inst/pl_clk0 | design_1_i/smartconnect_0/inst/s00_entry_pipeline/s00_si_converter/inst/converter.wrap_narrow_inst/gen_thread_loop[0].r_payld_fifo/cmd_fifo/E[0]                                            | design_1_i/smartconnect_0/inst/s00_entry_pipeline/s00_si_converter/inst/areset                                                                              |                3 |             13 |         4.33 |
|  design_1_i/zynq_ultra_ps_e_0/inst/pl_clk0 | design_1_i/smartconnect_0/inst/s00_entry_pipeline/s00_si_converter/inst/converter.wrap_narrow_inst/w_payld_fifo/cmd_fifo/last_pop                                                           | design_1_i/smartconnect_0/inst/s00_entry_pipeline/s00_si_converter/inst/areset                                                                              |                4 |             13 |         3.25 |
|  design_1_i/zynq_ultra_ps_e_0/inst/pl_clk0 | design_1_i/smartconnect_0/inst/s00_entry_pipeline/s00_mmu/inst/gen_endpoint.decerr_slave_inst/gen_axi.gen_write.s_axi_bid_i[15]_i_1_n_0                                                     | design_1_i/smartconnect_0/inst/s00_entry_pipeline/s00_mmu/inst/areset                                                                                       |                4 |             16 |         4.00 |
|  design_1_i/zynq_ultra_ps_e_0/inst/pl_clk0 | design_1_i/smartconnect_0/inst/s00_entry_pipeline/s00_mmu/inst/gen_endpoint.decerr_slave_inst/gen_axi.gen_read.s_axi_rid_i[15]_i_1_n_0                                                      | design_1_i/smartconnect_0/inst/s00_entry_pipeline/s00_mmu/inst/areset                                                                                       |                3 |             16 |         5.33 |
|  design_1_i/zynq_ultra_ps_e_0/inst/pl_clk0 | design_1_i/smartconnect_0/inst/s00_entry_pipeline/s00_transaction_regulator/inst/gen_endpoint.gen_r_singleorder.r_singleorder/gen_id_reg.s_rid_i0                                           |                                                                                                                                                             |                3 |             16 |         5.33 |
|  design_1_i/zynq_ultra_ps_e_0/inst/pl_clk0 | design_1_i/smartconnect_0/inst/s00_entry_pipeline/s00_transaction_regulator/inst/gen_endpoint.gen_w_singleorder.w_singleorder/gen_id_reg.s_rid_i0                                           |                                                                                                                                                             |                5 |             16 |         3.20 |
|  design_1_i/zynq_ultra_ps_e_0/inst/pl_clk0 |                                                                                                                                                                                             | design_1_i/smartconnect_0/inst/m00_exit_pipeline/m00_exit/inst/areset                                                                                       |                8 |             17 |         2.12 |
|  design_1_i/zynq_ultra_ps_e_0/inst/pl_clk0 |                                                                                                                                                                                             | design_1_i/smartconnect_0/inst/s00_entry_pipeline/s00_si_converter/inst/areset                                                                              |               14 |             18 |         1.29 |
|  design_1_i/zynq_ultra_ps_e_0/inst/pl_clk0 | design_1_i/smartconnect_0/inst/s00_entry_pipeline/s00_si_converter/inst/converter.wrap_narrow_inst/gen_thread_loop[0].r_cmd_fifo/gen_srls[22].srl_nx1/shift                                 |                                                                                                                                                             |                3 |             23 |         7.67 |
|  design_1_i/zynq_ultra_ps_e_0/inst/pl_clk0 | design_1_i/smartconnect_0/inst/s00_entry_pipeline/s00_si_converter/inst/converter.wrap_narrow_inst/gen_thread_loop[0].r_cmd_fifo/gen_pipelined.load_mesg                                    |                                                                                                                                                             |               10 |             23 |         2.30 |
|  design_1_i/zynq_ultra_ps_e_0/inst/pl_clk0 | design_1_i/smartconnect_0/inst/switchboards/i_nodes/i_r_node/inst/inst_mi_handler/gen_normal_area.gen_upsizer.inst_upsizer/gen_r_ch.accum[bytes][4][userdata][7]_i_1_n_0                    |                                                                                                                                                             |               13 |             32 |         2.46 |
|  design_1_i/zynq_ultra_ps_e_0/inst/pl_clk0 | design_1_i/my_axi_slave_0/U0/proto_mem_v3_0_S00_AXI_inst/slv_reg_rden                                                                                                                       | design_1_i/proc_sys_reset_0/U0/peripheral_reset[0]                                                                                                          |                9 |             32 |         3.56 |
|  design_1_i/zynq_ultra_ps_e_0/inst/pl_clk0 | design_1_i/smartconnect_0/inst/m00_exit_pipeline/m00_exit/inst/splitter_inst/gen_axi4lite.axilite_conv/s_axi_rdata_i[31]_i_1_n_0                                                            | design_1_i/smartconnect_0/inst/m00_exit_pipeline/m00_exit/inst/areset                                                                                       |                8 |             32 |         4.00 |
|  design_1_i/zynq_ultra_ps_e_0/inst/pl_clk0 | design_1_i/smartconnect_0/inst/switchboards/i_nodes/i_r_node/inst/inst_mi_handler/gen_normal_area.gen_upsizer.inst_upsizer/gen_r_ch.accum[bytes][0][userdata][7]_i_1_n_0                    |                                                                                                                                                             |               12 |             32 |         2.67 |
|  design_1_i/zynq_ultra_ps_e_0/inst/pl_clk0 | design_1_i/smartconnect_0/inst/switchboards/i_nodes/i_r_node/inst/inst_mi_handler/gen_normal_area.gen_upsizer.inst_upsizer/gen_r_ch.accum[bytes][8][userdata][7]_i_1_n_0                    |                                                                                                                                                             |               11 |             32 |         2.91 |
|  design_1_i/zynq_ultra_ps_e_0/inst/pl_clk0 | design_1_i/smartconnect_0/inst/switchboards/i_nodes/i_r_node/inst/inst_mi_handler/gen_normal_area.gen_upsizer.inst_upsizer/gen_r_ch.accum                                                   |                                                                                                                                                             |               13 |             32 |         2.46 |
|  design_1_i/zynq_ultra_ps_e_0/inst/pl_clk0 | design_1_i/smartconnect_0/inst/s00_entry_pipeline/s00_mmu/inst/aw_reg_stall/skid_buffer[1136]_i_1__0_n_0                                                                                    |                                                                                                                                                             |                9 |             37 |         4.11 |
|  design_1_i/zynq_ultra_ps_e_0/inst/pl_clk0 | design_1_i/smartconnect_0/inst/s00_entry_pipeline/s00_mmu/inst/ar_reg_stall/skid_buffer[1136]_i_1_n_0                                                                                       |                                                                                                                                                             |                7 |             37 |         5.29 |
|  design_1_i/zynq_ultra_ps_e_0/inst/pl_clk0 | design_1_i/smartconnect_0/inst/s00_entry_pipeline/s00_mmu/inst/aw_reg_stall/m_vector_i                                                                                                      |                                                                                                                                                             |                8 |             37 |         4.62 |
|  design_1_i/zynq_ultra_ps_e_0/inst/pl_clk0 | design_1_i/smartconnect_0/inst/s00_entry_pipeline/s00_mmu/inst/ar_reg_stall/m_vector_i                                                                                                      |                                                                                                                                                             |                7 |             37 |         5.29 |
|  design_1_i/zynq_ultra_ps_e_0/inst/pl_clk0 |                                                                                                                                                                                             | design_1_i/smartconnect_0/inst/clk_map/psr_aclk/U0/interconnect_aresetn[0]                                                                                  |               19 |             57 |         3.00 |
|  design_1_i/zynq_ultra_ps_e_0/inst/pl_clk0 |                                                                                                                                                                                             |                                                                                                                                                             |               39 |            101 |         2.59 |
|  design_1_i/zynq_ultra_ps_e_0/inst/pl_clk0 | design_1_i/smartconnect_0/inst/s00_entry_pipeline/s00_si_converter/inst/converter.wrap_narrow_inst/gen_thread_loop[0].r_payld_fifo/cmd_fifo/gen_thread_loop[0].r_packing_boundary_reg[0][0] |                                                                                                                                                             |               17 |            128 |         7.53 |
|  design_1_i/zynq_ultra_ps_e_0/inst/pl_clk0 | design_1_i/smartconnect_0/inst/s00_entry_pipeline/s00_si_converter/inst/converter.wrap_narrow_inst/r_shelf                                                                                  |                                                                                                                                                             |               28 |            128 |         4.57 |
|  design_1_i/zynq_ultra_ps_e_0/inst/pl_clk0 | design_1_i/smartconnect_0/inst/s00_entry_pipeline/s00_si_converter/inst/converter.wrap_narrow_inst/gen_thread_loop[0].r_payld_fifo/gen_srls[146].srl_nx1/push                               |                                                                                                                                                             |               17 |            128 |         7.53 |
|  design_1_i/zynq_ultra_ps_e_0/inst/pl_clk0 | design_1_i/smartconnect_0/inst/switchboards/i_nodes/i_r_node/inst/inst_mi_handler/gen_normal_area.gen_upsizer.inst_upsizer/gen_normal_area.upsizer_valid                                    |                                                                                                                                                             |               31 |            129 |         4.16 |
+--------------------------------------------+---------------------------------------------------------------------------------------------------------------------------------------------------------------------------------------------+-------------------------------------------------------------------------------------------------------------------------------------------------------------+------------------+----------------+--------------+


